<?xml version="1.0" encoding="UTF-8"?>
<!-- Generated by org.testng.reporters.JUnitReportReporter -->
<testsuite skipped="0" hostname="DESKTOP-Q618TUO" name="com.test.anushka.testCases.TC_AddNewAdressTest_002" tests="1" failures="0" timestamp="12 Oct 2020 01:02:24 GMT" time="7.961" errors="0">
  <testcase name="loginTest" time="7.961" classname="com.test.anushka.testCases.TC_AddNewAdressTest_002"/>
</testsuite> <!-- com.test.anushka.testCases.TC_AddNewAdressTest_002 -->
